<?xml version="1.0" encoding="UTF-8"?>
<testsuite name="com.example.project.TestDay4" tests="4" skipped="0" failures="0" errors="0" timestamp="2024-12-17T14:14:06" hostname="codespaces-7e9f2c" time="0.079">
  <properties/>
  <testcase name="testSimulateRaceLongerDuration()" classname="com.example.project.TestDay4" time="0.043"/>
  <testcase name="testSimulateSecondRunning()" classname="com.example.project.TestDay4" time="0.002"/>
  <testcase name="testReindeerCreation()" classname="com.example.project.TestDay4" time="0.007"/>
  <testcase name="testSimulateRaceWithHardcodedReindeers()" classname="com.example.project.TestDay4" time="0.007"/>
  <system-out><![CDATA[]]></system-out>
  <system-err><![CDATA[]]></system-err>
</testsuite>
